<?xml version="1.0" encoding="UTF-8"?>
<!-- Generated by org.testng.reporters.JUnitReportReporter -->
<testsuite hostname="Pradeep_Computer" failures="0" tests="4" name="DataproviderExcel" time="0.838" errors="0" timestamp="2022-06-01T22:47:22 IST" skipped="0">
  <testcase classname="DataproviderExcel" name="data" time="0.193"/>
  <system-out/>
  <testcase classname="DataproviderExcel" name="data" time="0.305"/>
  <system-out/>
  <testcase classname="DataproviderExcel" name="data" time="0.174"/>
  <system-out/>
  <testcase classname="DataproviderExcel" name="data" time="0.166"/>
  <system-out/>
</testsuite> <!-- DataproviderExcel -->
