<?xml version="1.0" encoding="UTF-8"?>
<!-- Generated by org.testng.reporters.JUnitReportReporter -->
<testsuite hostname="Pradeep_Computer" failures="0" tests="2" name="Dataprovider" time="9.751" errors="0" timestamp="2022-06-01T16:23:32 IST" skipped="0">
  <testcase classname="Dataprovider" name="data" time="3.115"/>
  <system-out/>
  <testcase classname="Dataprovider" name="data" time="6.636"/>
  <system-out/>
</testsuite> <!-- Dataprovider -->
