<?xml version="1.0" encoding="UTF-8"?>
<!-- Generated by org.testng.reporters.JUnitReportReporter -->
<testsuite hostname="Pradeep_Computer" failures="0" tests="2" name="testNGmultipleTasks.Multiple" time="14.211" errors="0" timestamp="2022-05-31T15:25:02 IST" skipped="0">
  <testcase classname="testNGmultipleTasks.Multiple" name="flipkart" time="10.681"/>
  <system-out/>
  <testcase classname="testNGmultipleTasks.Multiple" name="mousehover" time="3.530"/>
  <system-out/>
</testsuite> <!-- testNGmultipleTasks.Multiple -->
