<?xml version="1.0" encoding="UTF-8"?>
<!-- Generated by org.testng.reporters.JUnitReportReporter -->
<testsuite hostname="Pradeep_Computer" failures="0" tests="7" name="testNGAnnotations.Annotations" time="20.518" errors="0" timestamp="2022-05-31T19:41:17 IST" skipped="0">
  <testcase classname="testNGAnnotations.Annotations" name="LaunchApp" time="4.975"/>
  <system-out/>
  <testcase classname="testNGAnnotations.Annotations" name="VerifyMyInfo" time="0.075"/>
  <system-out/>
  <testcase classname="testNGAnnotations.Annotations" name="NavigateToMyInfo" time="3.278"/>
  <system-out/>
  <testcase classname="testNGAnnotations.Annotations" name="EnterLoginDetails" time="3.880"/>
  <system-out/>
  <testcase classname="testNGAnnotations.Annotations" name="LaunchApp" time="4.093"/>
  <system-out/>
  <testcase classname="testNGAnnotations.Annotations" name="VerifyLogin" time="0.125"/>
  <system-out/>
  <testcase classname="testNGAnnotations.Annotations" name="EnterLoginDetails" time="4.092"/>
  <system-out/>
</testsuite> <!-- testNGAnnotations.Annotations -->
